d:\programs\test\boost-test\http-server\http_server\http_server\debug\vc120.pdb
d:\programs\test\boost-test\http-server\http_server\http_server\debug\vc120.idb
d:\programs\test\boost-test\http-server\http_server\http_server\debug\header.obj
d:\programs\test\boost-test\http-server\http_server\http_server\debug\mime_types.obj
d:\programs\test\boost-test\http-server\http_server\http_server\debug\connection.obj
d:\programs\test\boost-test\http-server\http_server\http_server\debug\connection_manager.obj
d:\programs\test\boost-test\http-server\http_server\http_server\debug\main.obj
d:\programs\test\boost-test\http-server\http_server\http_server\debug\reply.obj
d:\programs\test\boost-test\http-server\http_server\http_server\debug\request_handler.obj
d:\programs\test\boost-test\http-server\http_server\http_server\debug\request_parser.obj
d:\programs\test\boost-test\http-server\http_server\http_server\debug\server.obj
d:\programs\test\boost-test\http-server\http_server\debug\http_server.ilk
d:\programs\test\boost-test\http-server\http_server\debug\http_server.exe
d:\programs\test\boost-test\http-server\http_server\debug\http_server.pdb
d:\programs\test\boost-test\http-server\http_server\http_server\debug\http_server.tlog\cl.command.1.tlog
d:\programs\test\boost-test\http-server\http_server\http_server\debug\http_server.tlog\cl.read.1.tlog
d:\programs\test\boost-test\http-server\http_server\http_server\debug\http_server.tlog\cl.write.1.tlog
d:\programs\test\boost-test\http-server\http_server\http_server\debug\http_server.tlog\link.command.1.tlog
d:\programs\test\boost-test\http-server\http_server\http_server\debug\http_server.tlog\link.read.1.tlog
d:\programs\test\boost-test\http-server\http_server\http_server\debug\http_server.tlog\link.write.1.tlog
