生成启动时间为 2016/7/19 13:15:26。
     1>项目“D:\Programs\test\boost-test\http-server\http_server\http_server\http_server.vcxproj”在节点 2 上(Build 个目标)。
     1>ClCompile:
         D:\Program Files (x86)\Microsoft Visual Studio 12.0\VC\bin\CL.exe /c /ID:\boost_1_59_0 /ZI /nologo /W3 /WX- /sdl /Od /Oy- /D WIN32 /D _DEBUG /D _CONSOLE /D _LIB /D _UNICODE /D UNICODE /Gm /EHsc /RTC1 /MDd /GS /fp:precise /Zc:wchar_t /Zc:forScope /Fo"Debug\\" /Fd"Debug\vc120.pdb" /Gd /TP /analyze- /errorReport:prompt server.cpp
         server.cpp
         Please define _WIN32_WINNT or _WIN32_WINDOWS appropriately. For example:
         - add -D_WIN32_WINNT=0x0501 to the compiler command line; or
         - add _WIN32_WINNT=0x0501 to your project's Preprocessor Definitions.
         Assuming _WIN32_WINNT=0x0501 (i.e. Windows XP target).
       Link:
         D:\Program Files (x86)\Microsoft Visual Studio 12.0\VC\bin\link.exe /ERRORREPORT:PROMPT /OUT:"D:\Programs\test\boost-test\http-server\http_server\Debug\http_server.exe" /INCREMENTAL /NOLOGO /LIBPATH:"D:\boost_1_59_0\lib32-msvc-12.0" kernel32.lib user32.lib gdi32.lib winspool.lib comdlg32.lib advapi32.lib shell32.lib ole32.lib oleaut32.lib uuid.lib odbc32.lib odbccp32.lib /MANIFEST /MANIFESTUAC:"level='asInvoker' uiAccess='false'" /manifest:embed /DEBUG /PDB:"D:\Programs\test\boost-test\http-server\http_server\Debug\http_server.pdb" /SUBSYSTEM:CONSOLE /TLBID:1 /DYNAMICBASE /NXCOMPAT /IMPLIB:"D:\Programs\test\boost-test\http-server\http_server\Debug\http_server.lib" /MACHINE:X86 Debug\connection.obj
         Debug\connection_manager.obj
         Debug\header.obj
         Debug\main.obj
         Debug\mime_types.obj
         Debug\reply.obj
         Debug\request_handler.obj
         Debug\request_parser.obj
         Debug\server.obj
         http_server.vcxproj -> D:\Programs\test\boost-test\http-server\http_server\Debug\http_server.exe
     1>已完成生成项目“D:\Programs\test\boost-test\http-server\http_server\http_server\http_server.vcxproj”(Build 个目标)的操作。

生成成功。

已用时间 00:00:01.90
